
======================================================

Reading Histogram file from: /afs/cern.ch/work/j/jeouelle/CalibrationTrees/Pbp/MergedJES.root
jetAlgo:        Anti k_{T} R=0.4 (HI)
PreCalibration: EM
JobName:        PbpJES
MinEtForMeasurement:               20
MinEtForExtrapolation:             5
MaxEForFits:                       4000
MinNDataPointsForMinExtrapolation: 3
useEFitTool:   1
useEtaFitTool: 1
usePtFitTool:  1
useBetterChi2: 0
useGeoDetCorr: 1
minGeoDetCorr: 0.8
maxGeoDetCorr: 1

======================================================

Processing - etaBin  1, side C: -0.10 < eta < -0.00
... The <eta> value is: -0.05
... Entries: 19933607
... Processing energy calibration curve
... Will be use the Energy fitter
... Will be reconstructed the Gauss fits curves
... Will be use the Energy fitter
... Will be reconstructed the Gauss fits curves
... Will be use the Energy fitter
... Will be reconstructed the Gauss fits curves
... Will be use the Energy fitter
... Will be reconstructed the Gauss fits curves
... Will be use the Energy fitter
... Will be reconstructed the Gauss fits curves
... Will be use the Energy fitter
... Will be reconstructed the Gauss fits curves
... Will be use the Energy fitter
... Will be reconstructed the Gauss fits curves
... Will be use the Energy fitter
... Will be reconstructed the Gauss fits curves
... Will be use the Energy fitter
... Will be reconstructed the Gauss fits curves
... Will be use the Energy fitter
... Will be reconstructed the Gauss fits curves
... Will be use the Energy fitter
... Will be reconstructed the Gauss fits curves
... Will be use the Energy fitter
... Will be reconstructed the Gauss fits curves
... Will be use the Energy fitter
... Will be reconstructed the Gauss fits curves
... Will be use the Energy fitter
... Will be reconstructed the Gauss fits curves
... Will be use the Energy fitter
... Will be reconstructed the Gauss fits curves
... Will be use the Energy fitter
... Will be reconstructed the Gauss fits curves
... Will be use the Energy fitter
... Will be reconstructed the Gauss fits curves
... Will be use the Energy fitter
... Will be reconstructed the Gauss fits curves
... Will be use the Energy fitter
... Will be reconstructed the Gauss fits curves
... Will be use the Energy fitter
... Will be reconstructed the Gauss fits curves
... Will be use the Energy fitter
... Will be reconstructed the Gauss fits curves
... Will be use the Energy fitter
... Will be reconstructed the Gauss fits curves
... Will be use the Energy fitter
... Will be reconstructed the Gauss fits curves
... Will be use the Energy fitter
... Will be reconstructed the Gauss fits curves
... Will be use the Energy fitter
... Will be reconstructed the Gauss fits curves
... Will be use the Energy fitter
... Will be reconstructed the Gauss fits curves
... Will be use the Energy fitter
... Will be reconstructed the Gauss fits curves
... Will be use the Energy fitter
... Will be reconstructed the Gauss fits curves
... Will be use the Energy fitter
... Will be reconstructed the Gauss fits curves
... Will be use the Energy fitter
... Will be reconstructed the Gauss fits curves
... Will be use the Energy fitter
... Will be reconstructed the Gauss fits curves
... Will be use the Energy fitter
... Will be reconstructed the Gauss fits curves
... Will be use the Energy fitter
... Will be reconstructed the Gauss fits curves
... Will be use the Energy fitter
... Will be reconstructed the Gauss fits curves
... Will be use the Energy fitter
... Will be reconstructed the Gauss fits curves
... Will be use the Energy fitter
... Will be reconstructed the Gauss fits curves
... Will be use the Energy fitter
... Will be reconstructed the Gauss fits curves
... Will be use the Energy fitter
... Will be reconstructed the Gauss fits curves
... Will be use the Energy fitter
... Will be reconstructed the Gauss fits curves
... Fitting energy calibration curve
... There are no eta exceptions
... Fitting using the polBestChi2
... Will be use the Energy fitter
... Will be reconstructed the Gauss fits curves
... Will be use the Energy fitter
... Will be reconstructed the Gauss fits curves
... Will be use the Energy fitter
... Will be reconstructed the Gauss fits curves
... Will be use the Energy fitter
... Will be reconstructed the Gauss fits curves
... Will be use the Energy fitter
... Will be reconstructed the Gauss fits curves
... Will be use the Energy fitter
... Will be reconstructed the Gauss fits curves
... Will be use the Energy fitter
... Will be reconstructed the Gauss fits curves
... Will be use the Energy fitter
... Will be reconstructed the Gauss fits curves
... Will be use the Energy fitter
... Will be reconstructed the Gauss fits curves
... Will be use the Energy fitter
... Will be reconstructed the Gauss fits curves
... Will be use the Energy fitter
... Will be reconstructed the Gauss fits curves
... Will be use the Energy fitter
... Will be reconstructed the Gauss fits curves
... Will be use the Energy fitter
... Will be reconstructed the Gauss fits curves
... Will be use the Energy fitter
... Will be reconstructed the Gauss fits curves
... Will be use the Energy fitter
... Will be reconstructed the Gauss fits curves
... Will be use the Energy fitter
... Will be reconstructed the Gauss fits curves
... Will be use the Energy fitter
... Will be reconstructed the Gauss fits curves
... Will be use the Energy fitter
... Will be reconstructed the Gauss fits curves
... Will be use the Energy fitter
... Will be reconstructed the Gauss fits curves
... Will be use the Energy fitter
... Will be reconstructed the Gauss fits curves
... Will be use the Energy fitter
... Will be reconstructed the Gauss fits curves
... Will be use the Energy fitter
... Will be reconstructed the Gauss fits curves
... Will be use the Energy fitter
... Will be reconstructed the Gauss fits curves
... Will be use the Energy fitter
... Will be reconstructed the Gauss fits curves
... Will be use the Energy fitter
... Will be reconstructed the Gauss fits curves
... Will be use the Energy fitter
... Will be reconstructed the Gauss fits curves
... Will be use the Energy fitter
... Will be reconstructed the Gauss fits curves
... Will be use the Energy fitter
... Will be reconstructed the Gauss fits curves
... Will be use the Energy fitter
... Will be reconstructed the Gauss fits curves
... Will be use the Energy fitter
... Will be reconstructed the Gauss fits curves
... Will be use the Energy fitter
... Will be reconstructed the Gauss fits curves
... Will be use the Energy fitter
... Will be reconstructed the Gauss fits curves
... Will be use the Energy fitter
... Will be reconstructed the Gauss fits curves
... Will be use the Energy fitter
... Will be reconstructed the Gauss fits curves
... Will be use the Energy fitter
... Will be reconstructed the Gauss fits curves
... Will be use the Energy fitter
... Will be reconstructed the Gauss fits curves
... Will be use the Energy fitter
... Will be reconstructed the Gauss fits curves
... Will be use the Energy fitter
... Will be reconstructed the Gauss fits curves
... Will be use the Energy fitter
... Will be reconstructed the Gauss fits curves
... Fitting energy calibration curve
... There are no eta exceptions
... Fitting using the polBestChi2
... Processing energy closure points (JES scale)
... Will be use the Energy fitter
... Will be reconstructed the Gauss fits curves for closures
... Will be use the Energy fitter
... Will be reconstructed the Gauss fits curves for closures
... Will be use the Energy fitter
... Will be reconstructed the Gauss fits curves for closures
... Will be use the Energy fitter
... Will be reconstructed the Gauss fits curves for closures
... Will be use the Energy fitter
... Will be reconstructed the Gauss fits curves for closures
... Will be use the Energy fitter
... Will be reconstructed the Gauss fits curves for closures
... Will be use the Energy fitter
... Will be reconstructed the Gauss fits curves for closures
... Will be use the Energy fitter
... Will be reconstructed the Gauss fits curves for closures
... Will be use the Energy fitter
... Will be reconstructed the Gauss fits curves for closures
... Will be use the Energy fitter
... Will be reconstructed the Gauss fits curves for closures
... Will be use the Energy fitter
... Will be reconstructed the Gauss fits curves for closures
... Will be use the Energy fitter
... Will be reconstructed the Gauss fits curves for closures
... Will be use the Energy fitter
... Will be reconstructed the Gauss fits curves for closures
... Will be use the Energy fitter
... Will be reconstructed the Gauss fits curves for closures
... Will be use the Energy fitter
... Will be reconstructed the Gauss fits curves for closures
... Will be use the Energy fitter
... Will be reconstructed the Gauss fits curves for closures
... Will be use the Energy fitter
... Will be reconstructed the Gauss fits curves for closures
... Will be use the Energy fitter
... Will be reconstructed the Gauss fits curves for closures
... Will be use the Energy fitter
... Will be reconstructed the Gauss fits curves for closures
... Will be use the Energy fitter
... Will be reconstructed the Gauss fits curves for closures
... Will be use the Energy fitter
... Will be reconstructed the Gauss fits curves for closures
... Will be use the Energy fitter
... Will be reconstructed the Gauss fits curves for closures
... Will be use the Energy fitter
... Will be reconstructed the Gauss fits curves for closures
... Will be use the Energy fitter
... Will be reconstructed the Gauss fits curves for closures
... Will be use the Energy fitter
... Will be reconstructed the Gauss fits curves for closures
... Will be use the Energy fitter
... Will be reconstructed the Gauss fits curves for closures
... Will be use the Energy fitter
... Will be reconstructed the Gauss fits curves for closures
... Will be use the Energy fitter
... Will be reconstructed the Gauss fits curves for closures
... Will be use the Energy fitter
... Will be reconstructed the Gauss fits curves for closures
... Will be use the Energy fitter
... Will be reconstructed the Gauss fits curves for closures
... Will be use the Energy fitter
... Will be reconstructed the Gauss fits curves for closures
... Will be use the Energy fitter
... Will be reconstructed the Gauss fits curves for closures
... Will be use the Energy fitter
... Will be reconstructed the Gauss fits curves for closures
... Will be use the Energy fitter
... Will be reconstructed the Gauss fits curves for closures
... Will be use the Energy fitter
... Will be reconstructed the Gauss fits curves for closures
... Will be use the Energy fitter
... Will be reconstructed the Gauss fits curves for closures
... Will be use the Energy fitter
... Will be reconstructed the Gauss fits curves for closures
... Will be use the Energy fitter
... Will be reconstructed the Gauss fits curves for closures
... Will be use the Energy fitter
... Will be reconstructed the Gauss fits curves for closures
... Processing delta eta correction curve
... Fitting delta eta correction curve, numpoints = 38, min = 5.00625, max = 4000
... Eta fit has as chi^2/Ndof = 0.843086
...
... Will be use the Energy fitter
... Will be reconstructed the Gauss fits curves
point 1: EAvg: 22.0924 ---> R: 1.01048 +- 0.00127453
... Will be use the Energy fitter
... Will be reconstructed the Gauss fits curves
point 2: EAvg: 27.1672 ---> R: 1.00881 +- 0.00176997
... Will be use the Energy fitter
... Will be reconstructed the Gauss fits curves
point 3: EAvg: 32.2296 ---> R: 1.0039 +- 0.00238533
... Will be use the Energy fitter
... Will be reconstructed the Gauss fits curves
point 4: EAvg: 37.2103 ---> R: 1.00699 +- 0.00314447
... Will be use the Energy fitter
... Will be reconstructed the Gauss fits curves
point 5: EAvg: 44.0678 ---> R: 1.00133 +- 0.00281851
... Will be use the Energy fitter
... Will be reconstructed the Gauss fits curves
point 6: EAvg: 54.3549 ---> R: 1.00781 +- 0.00424863
... Will be use the Energy fitter
... Will be reconstructed the Gauss fits curves
point 7: EAvg: 67.6154 ---> R: 1.00453 +- 0.00062479
... Will be use the Energy fitter
... Will be reconstructed the Gauss fits curves
point 8: EAvg: 87.9847 ---> R: 1.00297 +- 0.00106273
... Will be use the Energy fitter
... Will be reconstructed the Gauss fits curves
point 9: EAvg: 108.2 ---> R: 1.00003 +- 0.00164269
... Will be use the Energy fitter
... Will be reconstructed the Gauss fits curves
point 10: EAvg: 131.723 ---> R: 0.999993 +- 0.00236958
... Will be use the Energy fitter
... Will be reconstructed the Gauss fits curves
point 11: EAvg: 169.003 ---> R: 0.999643 +- 0.00185845
... Will be use the Energy fitter
... Will be reconstructed the Gauss fits curves
point 12: EAvg: 216.672 ---> R: 0.999232 +- 0.000766724
... Will be use the Energy fitter
... Will be reconstructed the Gauss fits curves
point 13: EAvg: 263.156 ---> R: 0.998895 +- 0.00104862
... Will be use the Energy fitter
... Will be reconstructed the Gauss fits curves
point 14: EAvg: 336.295 ---> R: 0.998323 +- 0.00168884
... Will be use the Energy fitter
... Will be reconstructed the Gauss fits curves
point 15: EAvg: 438.496 ---> R: 0.999204 +- 0.000321623
... Will be use the Energy fitter
... Will be reconstructed the Gauss fits curves
point 16: EAvg: 540.22 ---> R: 0.999116 +- 0.00062153
... Will be use the Energy fitter
... Will be reconstructed the Gauss fits curves
point 17: EAvg: 668.168 ---> R: 1.00023 +- 0.00093107
... Will be use the Energy fitter
... Will be reconstructed the Gauss fits curves
point 18: EAvg: 871.883 ---> R: 0.999763 +- 0.000248566
... Will be use the Energy fitter
... Will be reconstructed the Gauss fits curves
point 19: EAvg: 1074.02 ---> R: 0.998085 +- 0.000579127
... Will be use the Energy fitter
... Will be reconstructed the Gauss fits curves
point 20: EAvg: 1242.17 ---> R: 0.997858 +- 0.00157488
... Processing delta eta closure

Processing - etaBin  1, side A: 0.00 < eta < 0.10
... The <eta> value is: 0.05
... Entries: 19933607
... Processing energy calibration curve
... Will be use the Energy fitter
... Will be reconstructed the Gauss fits curves
... Will be use the Energy fitter
... Will be reconstructed the Gauss fits curves
... Will be use the Energy fitter
... Will be reconstructed the Gauss fits curves
... Will be use the Energy fitter
... Will be reconstructed the Gauss fits curves
... Will be use the Energy fitter
... Will be reconstructed the Gauss fits curves
... Will be use the Energy fitter
... Will be reconstructed the Gauss fits curves
... Will be use the Energy fitter
... Will be reconstructed the Gauss fits curves
... Will be use the Energy fitter
... Will be reconstructed the Gauss fits curves
... Will be use the Energy fitter
... Will be reconstructed the Gauss fits curves
... Will be use the Energy fitter
... Will be reconstructed the Gauss fits curves
... Will be use the Energy fitter
... Will be reconstructed the Gauss fits curves
... Will be use the Energy fitter
... Will be reconstructed the Gauss fits curves
... Will be use the Energy fitter
... Will be reconstructed the Gauss fits curves
... Will be use the Energy fitter
... Will be reconstructed the Gauss fits curves
... Will be use the Energy fitter
... Will be reconstructed the Gauss fits curves
... Will be use the Energy fitter
... Will be reconstructed the Gauss fits curves
... Will be use the Energy fitter
... Will be reconstructed the Gauss fits curves
... Will be use the Energy fitter
... Will be reconstructed the Gauss fits curves
... Will be use the Energy fitter
... Will be reconstructed the Gauss fits curves
... Will be use the Energy fitter
... Will be reconstructed the Gauss fits curves
... Will be use the Energy fitter
... Will be reconstructed the Gauss fits curves
... Will be use the Energy fitter
... Will be reconstructed the Gauss fits curves
... Will be use the Energy fitter
... Will be reconstructed the Gauss fits curves
... Will be use the Energy fitter
... Will be reconstructed the Gauss fits curves
... Will be use the Energy fitter
... Will be reconstructed the Gauss fits curves
... Will be use the Energy fitter
... Will be reconstructed the Gauss fits curves
... Will be use the Energy fitter
... Will be reconstructed the Gauss fits curves
... Will be use the Energy fitter
... Will be reconstructed the Gauss fits curves
... Will be use the Energy fitter
... Will be reconstructed the Gauss fits curves
... Will be use the Energy fitter
... Will be reconstructed the Gauss fits curves
... Will be use the Energy fitter
... Will be reconstructed the Gauss fits curves
... Will be use the Energy fitter
... Will be reconstructed the Gauss fits curves
... Will be use the Energy fitter
... Will be reconstructed the Gauss fits curves
... Will be use the Energy fitter
... Will be reconstructed the Gauss fits curves
... Will be use the Energy fitter
... Will be reconstructed the Gauss fits curves
... Will be use the Energy fitter
... Will be reconstructed the Gauss fits curves
... Will be use the Energy fitter
... Will be reconstructed the Gauss fits curves
... Will be use the Energy fitter
... Will be reconstructed the Gauss fits curves
... Will be use the Energy fitter
... Will be reconstructed the Gauss fits curves
... Fitting energy calibration curve
... There are no eta exceptions
... Fitting using the polBestChi2
... Will be use the Energy fitter
... Will be reconstructed the Gauss fits curves
... Will be use the Energy fitter
... Will be reconstructed the Gauss fits curves
... Will be use the Energy fitter
... Will be reconstructed the Gauss fits curves
... Will be use the Energy fitter
... Will be reconstructed the Gauss fits curves
... Will be use the Energy fitter
... Will be reconstructed the Gauss fits curves
... Will be use the Energy fitter
... Will be reconstructed the Gauss fits curves
... Will be use the Energy fitter
... Will be reconstructed the Gauss fits curves
... Will be use the Energy fitter
... Will be reconstructed the Gauss fits curves
... Will be use the Energy fitter
... Will be reconstructed the Gauss fits curves
... Will be use the Energy fitter
... Will be reconstructed the Gauss fits curves
... Will be use the Energy fitter
... Will be reconstructed the Gauss fits curves
... Will be use the Energy fitter
... Will be reconstructed the Gauss fits curves
... Will be use the Energy fitter
... Will be reconstructed the Gauss fits curves
... Will be use the Energy fitter
... Will be reconstructed the Gauss fits curves
... Will be use the Energy fitter
... Will be reconstructed the Gauss fits curves
... Will be use the Energy fitter
... Will be reconstructed the Gauss fits curves
... Will be use the Energy fitter
... Will be reconstructed the Gauss fits curves
... Will be use the Energy fitter
... Will be reconstructed the Gauss fits curves
... Will be use the Energy fitter
... Will be reconstructed the Gauss fits curves
... Will be use the Energy fitter
... Will be reconstructed the Gauss fits curves
... Will be use the Energy fitter
... Will be reconstructed the Gauss fits curves
... Will be use the Energy fitter
... Will be reconstructed the Gauss fits curves
... Will be use the Energy fitter
... Will be reconstructed the Gauss fits curves
... Will be use the Energy fitter
... Will be reconstructed the Gauss fits curves
... Will be use the Energy fitter
... Will be reconstructed the Gauss fits curves
... Will be use the Energy fitter
... Will be reconstructed the Gauss fits curves
... Will be use the Energy fitter
... Will be reconstructed the Gauss fits curves
... Will be use the Energy fitter
... Will be reconstructed the Gauss fits curves
... Will be use the Energy fitter
... Will be reconstructed the Gauss fits curves
... Will be use the Energy fitter
... Will be reconstructed the Gauss fits curves
... Will be use the Energy fitter
... Will be reconstructed the Gauss fits curves
... Will be use the Energy fitter
... Will be reconstructed the Gauss fits curves
... Will be use the Energy fitter
... Will be reconstructed the Gauss fits curves
... Will be use the Energy fitter
... Will be reconstructed the Gauss fits curves
... Will be use the Energy fitter
... Will be reconstructed the Gauss fits curves
... Will be use the Energy fitter
... Will be reconstructed the Gauss fits curves
... Will be use the Energy fitter
... Will be reconstructed the Gauss fits curves
... Will be use the Energy fitter
... Will be reconstructed the Gauss fits curves
... Will be use the Energy fitter
... Will be reconstructed the Gauss fits curves
... Fitting energy calibration curve
... There are no eta exceptions
... Fitting using the polBestChi2
... Processing energy closure points (JES scale)
... Will be use the Energy fitter
... Will be reconstructed the Gauss fits curves for closures
... Will be use the Energy fitter
... Will be reconstructed the Gauss fits curves for closures
... Will be use the Energy fitter
... Will be reconstructed the Gauss fits curves for closures
... Will be use the Energy fitter
... Will be reconstructed the Gauss fits curves for closures
... Will be use the Energy fitter
... Will be reconstructed the Gauss fits curves for closures
... Will be use the Energy fitter
... Will be reconstructed the Gauss fits curves for closures
... Will be use the Energy fitter
... Will be reconstructed the Gauss fits curves for closures
... Will be use the Energy fitter
... Will be reconstructed the Gauss fits curves for closures
... Will be use the Energy fitter
... Will be reconstructed the Gauss fits curves for closures
... Will be use the Energy fitter
... Will be reconstructed the Gauss fits curves for closures
... Will be use the Energy fitter
... Will be reconstructed the Gauss fits curves for closures
... Will be use the Energy fitter
... Will be reconstructed the Gauss fits curves for closures
... Will be use the Energy fitter
... Will be reconstructed the Gauss fits curves for closures
... Will be use the Energy fitter
... Will be reconstructed the Gauss fits curves for closures
... Will be use the Energy fitter
... Will be reconstructed the Gauss fits curves for closures
... Will be use the Energy fitter
... Will be reconstructed the Gauss fits curves for closures
... Will be use the Energy fitter
... Will be reconstructed the Gauss fits curves for closures
... Will be use the Energy fitter
... Will be reconstructed the Gauss fits curves for closures
... Will be use the Energy fitter
... Will be reconstructed the Gauss fits curves for closures
... Will be use the Energy fitter
... Will be reconstructed the Gauss fits curves for closures
... Will be use the Energy fitter
... Will be reconstructed the Gauss fits curves for closures
... Will be use the Energy fitter
... Will be reconstructed the Gauss fits curves for closures
... Will be use the Energy fitter
... Will be reconstructed the Gauss fits curves for closures
... Will be use the Energy fitter
... Will be reconstructed the Gauss fits curves for closures
... Will be use the Energy fitter
... Will be reconstructed the Gauss fits curves for closures
... Will be use the Energy fitter
... Will be reconstructed the Gauss fits curves for closures
... Will be use the Energy fitter
... Will be reconstructed the Gauss fits curves for closures
... Will be use the Energy fitter
... Will be reconstructed the Gauss fits curves for closures
... Will be use the Energy fitter
... Will be reconstructed the Gauss fits curves for closures
... Will be use the Energy fitter
... Will be reconstructed the Gauss fits curves for closures
... Will be use the Energy fitter
... Will be reconstructed the Gauss fits curves for closures
... Will be use the Energy fitter
... Will be reconstructed the Gauss fits curves for closures
... Will be use the Energy fitter
... Will be reconstructed the Gauss fits curves for closures
... Will be use the Energy fitter
... Will be reconstructed the Gauss fits curves for closures
... Will be use the Energy fitter
... Will be reconstructed the Gauss fits curves for closures
... Will be use the Energy fitter
... Will be reconstructed the Gauss fits curves for closures
... Will be use the Energy fitter
... Will be reconstructed the Gauss fits curves for closures
... Will be use the Energy fitter
... Will be reconstructed the Gauss fits curves for closures
... Will be use the Energy fitter
... Will be reconstructed the Gauss fits curves for closures
... Processing delta eta correction curve
... Fitting delta eta correction curve, numpoints = 38, min = 5.00625, max = 4000
... Eta fit has as chi^2/Ndof = 0.928361
...
... Will be use the Energy fitter
... Will be reconstructed the Gauss fits curves
point 1: EAvg: 22.1029 ---> R: 1.00966 +- 0.00131814
... Will be use the Energy fitter
... Will be reconstructed the Gauss fits curves
point 2: EAvg: 27.1602 ---> R: 1.0147 +- 0.00183443
... Will be use the Energy fitter
... Will be reconstructed the Gauss fits curves
point 3: EAvg: 32.2071 ---> R: 1.00978 +- 0.00233914
... Will be use the Energy fitter
... Will be reconstructed the Gauss fits curves
point 4: EAvg: 37.2609 ---> R: 1.01463 +- 0.00284441
... Will be use the Energy fitter
... Will be reconstructed the Gauss fits curves
point 5: EAvg: 44.1468 ---> R: 1.00806 +- 0.00298783
... Will be use the Energy fitter
... Will be reconstructed the Gauss fits curves
point 6: EAvg: 54.4348 ---> R: 1.00598 +- 0.00414909
... Will be use the Energy fitter
... Will be reconstructed the Gauss fits curves
point 7: EAvg: 67.5557 ---> R: 1.00428 +- 0.000606326
... Will be use the Energy fitter
... Will be reconstructed the Gauss fits curves
point 8: EAvg: 88.1605 ---> R: 1.00022 +- 0.00107272
... Will be use the Energy fitter
... Will be reconstructed the Gauss fits curves
point 9: EAvg: 108.259 ---> R: 0.999971 +- 0.00165494
... Will be use the Energy fitter
... Will be reconstructed the Gauss fits curves
point 10: EAvg: 131.71 ---> R: 1.00164 +- 0.00219592
... Will be use the Energy fitter
... Will be reconstructed the Gauss fits curves
point 11: EAvg: 168.864 ---> R: 1.00015 +- 0.00169722
... Will be use the Energy fitter
... Will be reconstructed the Gauss fits curves
point 12: EAvg: 216.513 ---> R: 0.998668 +- 0.000745795
... Will be use the Energy fitter
... Will be reconstructed the Gauss fits curves
point 13: EAvg: 263.525 ---> R: 0.998099 +- 0.00104261
... Will be use the Energy fitter
... Will be reconstructed the Gauss fits curves
point 14: EAvg: 336.456 ---> R: 1.00074 +- 0.00160607
... Will be use the Energy fitter
... Will be reconstructed the Gauss fits curves
point 15: EAvg: 438.426 ---> R: 0.999606 +- 0.000326822
... Will be use the Energy fitter
... Will be reconstructed the Gauss fits curves
point 16: EAvg: 540.152 ---> R: 0.998871 +- 0.000617496
... Will be use the Energy fitter
... Will be reconstructed the Gauss fits curves
point 17: EAvg: 668.799 ---> R: 0.996873 +- 0.000860567
... Will be use the Energy fitter
... Will be reconstructed the Gauss fits curves
point 18: EAvg: 872.188 ---> R: 0.997429 +- 0.000249515
... Will be use the Energy fitter
... Will be reconstructed the Gauss fits curves
point 19: EAvg: 1073.79 ---> R: 0.999197 +- 0.000560239
... Will be use the Energy fitter
... Will be reconstructed the Gauss fits curves
point 20: EAvg: 1243.36 ---> R: 1.00098 +- 0.00147602
... Processing delta eta closure

Processing - etaBin  2, side C: -0.20 < eta < -0.10
... The <eta> value is: -0.15
... Entries: 19933607
... Processing energy calibration curve
... Will be use the Energy fitter
... Will be reconstructed the Gauss fits curves
... Will be use the Energy fitter
... Will be reconstructed the Gauss fits curves
... Will be use the Energy fitter
... Will be reconstructed the Gauss fits curves
... Will be use the Energy fitter
... Will be reconstructed the Gauss fits curves
... Will be use the Energy fitter
... Will be reconstructed the Gauss fits curves
... Will be use the Energy fitter
... Will be reconstructed the Gauss fits curves
... Will be use the Energy fitter
... Will be reconstructed the Gauss fits curves
... Will be use the Energy fitter
... Will be reconstructed the Gauss fits curves
... Will be use the Energy fitter
... Will be reconstructed the Gauss fits curves
... Will be use the Energy fitter
... Will be reconstructed the Gauss fits curves
... Will be use the Energy fitter
... Will be reconstructed the Gauss fits curves
... Will be use the Energy fitter
... Will be reconstructed the Gauss fits curves
... Will be use the Energy fitter
... Will be reconstructed the Gauss fits curves
... Will be use the Energy fitter
... Will be reconstructed the Gauss fits curves
... Will be use the Energy fitter
... Will be reconstructed the Gauss fits curves
... Will be use the Energy fitter
... Will be reconstructed the Gauss fits curves
... Will be use the Energy fitter
... Will be reconstructed the Gauss fits curves
... Will be use the Energy fitter
... Will be reconstructed the Gauss fits curves
... Will be use the Energy fitter
... Will be reconstructed the Gauss fits curves
... Will be use the Energy fitter
... Will be reconstructed the Gauss fits curves
... Will be use the Energy fitter
... Will be reconstructed the Gauss fits curves
... Will be use the Energy fitter
... Will be reconstructed the Gauss fits curves
... Will be use the Energy fitter
... Will be reconstructed the Gauss fits curves
... Will be use the Energy fitter
... Will be reconstructed the Gauss fits curves
... Will be use the Energy fitter
... Will be reconstructed the Gauss fits curves
... Will be use the Energy fitter
... Will be reconstructed the Gauss fits curves
... Will be use the Energy fitter
... Will be reconstructed the Gauss fits curves
... Will be use the Energy fitter
... Will be reconstructed the Gauss fits curves
... Will be use the Energy fitter
... Will be reconstructed the Gauss fits curves
... Will be use the Energy fitter
... Will be reconstructed the Gauss fits curves
... Will be use the Energy fitter
... Will be reconstructed the Gauss fits curves
... Will be use the Energy fitter
... Will be reconstructed the Gauss fits curves
... Will be use the Energy fitter
... Will be reconstructed the Gauss fits curves
... Will be use the Energy fitter
... Will be reconstructed the Gauss fits curves
... Will be use the Energy fitter
... Will be reconstructed the Gauss fits curves
... Will be use the Energy fitter
... Will be reconstructed the Gauss fits curves
... Will be use the Energy fitter
... Will be reconstructed the Gauss fits curves
... Will be use the Energy fitter
... Will be reconstructed the Gauss fits curves
... Will be use the Energy fitter
... Will be reconstructed the Gauss fits curves
... Fitting energy calibration curve
... There are no eta exceptions
... Fitting using the polBestChi2
... Will be use the Energy fitter
... Will be reconstructed the Gauss fits curves
... Will be use the Energy fitter
... Will be reconstructed the Gauss fits curves
... Will be use the Energy fitter
... Will be reconstructed the Gauss fits curves
... Will be use the Energy fitter
... Will be reconstructed the Gauss fits curves
... Will be use the Energy fitter
... Will be reconstructed the Gauss fits curves
... Will be use the Energy fitter
... Will be reconstructed the Gauss fits curves
... Will be use the Energy fitter
... Will be reconstructed the Gauss fits curves
... Will be use the Energy fitter
... Will be reconstructed the Gauss fits curves
... Will be use the Energy fitter
... Will be reconstructed the Gauss fits curves
... Will be use the Energy fitter
... Will be reconstructed the Gauss fits curves
... Will be use the Energy fitter
... Will be reconstructed the Gauss fits curves
... Will be use the Energy fitter
... Will be reconstructed the Gauss fits curves
... Will be use the Energy fitter
... Will be reconstructed the Gauss fits curves
... Will be use the Energy fitter
... Will be reconstructed the Gauss fits curves
... Will be use the Energy fitter
... Will be reconstructed the Gauss fits curves
... Will be use the Energy fitter
... Will be reconstructed the Gauss fits curves
... Will be use the Energy fitter
... Will be reconstructed the Gauss fits curves
... Will be use the Energy fitter
... Will be reconstructed the Gauss fits curves
... Will be use the Energy fitter
... Will be reconstructed the Gauss fits curves
... Will be use the Energy fitter
... Will be reconstructed the Gauss fits curves
... Will be use the Energy fitter
... Will be reconstructed the Gauss fits curves
... Will be use the Energy fitter
... Will be reconstructed the Gauss fits curves
... Will be use the Energy fitter
... Will be reconstructed the Gauss fits curves
... Will be use the Energy fitter
... Will be reconstructed the Gauss fits curves
... Will be use the Energy fitter
... Will be reconstructed the Gauss fits curves
... Will be use the Energy fitter
... Will be reconstructed the Gauss fits curves
... Will be use the Energy fitter
... Will be reconstructed the Gauss fits curves
... Will be use the Energy fitter
... Will be reconstructed the Gauss fits curves
... Will be use the Energy fitter
... Will be reconstructed the Gauss fits curves
... Will be use the Energy fitter
... Will be reconstructed the Gauss fits curves
... Will be use the Energy fitter
... Will be reconstructed the Gauss fits curves
... Will be use the Energy fitter
... Will be reconstructed the Gauss fits curves
... Will be use the Energy fitter
... Will be reconstructed the Gauss fits curves
... Will be use the Energy fitter
... Will be reconstructed the Gauss fits curves
... Will be use the Energy fitter
... Will be reconstructed the Gauss fits curves
... Will be use the Energy fitter
... Will be reconstructed the Gauss fits curves
... Will be use the Energy fitter
... Will be reconstructed the Gauss fits curves
... Will be use the Energy fitter
... Will be reconstructed the Gauss fits curves
... Will be use the Energy fitter
... Will be reconstructed the Gauss fits curves
... Fitting energy calibration curve
... There are no eta exceptions
... Fitting using the polBestChi2
... Processing energy closure points (JES scale)
... Will be use the Energy fitter
... Will be reconstructed the Gauss fits curves for closures
... Will be use the Energy fitter
... Will be reconstructed the Gauss fits curves for closures
... Will be use the Energy fitter
... Will be reconstructed the Gauss fits curves for closures
... Will be use the Energy fitter
... Will be reconstructed the Gauss fits curves for closures
... Will be use the Energy fitter
... Will be reconstructed the Gauss fits curves for closures
... Will be use the Energy fitter
... Will be reconstructed the Gauss fits curves for closures
... Will be use the Energy fitter
... Will be reconstructed the Gauss fits curves for closures
... Will be use the Energy fitter
... Will be reconstructed the Gauss fits curves for closures
... Will be use the Energy fitter
... Will be reconstructed the Gauss fits curves for closures
... Will be use the Energy fitter
... Will be reconstructed the Gauss fits curves for closures
... Will be use the Energy fitter
... Will be reconstructed the Gauss fits curves for closures
... Will be use the Energy fitter
... Will be reconstructed the Gauss fits curves for closures
... Will be use the Energy fitter
... Will be reconstructed the Gauss fits curves for closures
... Will be use the Energy fitter
... Will be reconstructed the Gauss fits curves for closures
... Will be use the Energy fitter
... Will be reconstructed the Gauss fits curves for closures
... Will be use the Energy fitter
... Will be reconstructed the Gauss fits curves for closures
... Will be use the Energy fitter
... Will be reconstructed the Gauss fits curves for closures
... Will be use the Energy fitter
... Will be reconstructed the Gauss fits curves for closures
... Will be use the Energy fitter
... Will be reconstructed the Gauss fits curves for closures
... Will be use the Energy fitter
... Will be reconstructed the Gauss fits curves for closures
... Will be use the Energy fitter
... Will be reconstructed the Gauss fits curves for closures
... Will be use the Energy fitter
... Will be reconstructed the Gauss fits curves for closures
... Will be use the Energy fitter
... Will be reconstructed the Gauss fits curves for closures
... Will be use the Energy fitter
... Will be reconstructed the Gauss fits curves for closures
... Will be use the Energy fitter
... Will be reconstructed the Gauss fits curves for closures
... Will be use the Energy fitter
... Will be reconstructed the Gauss fits curves for closures
... Will be use the Energy fitter
... Will be reconstructed the Gauss fits curves for closures
... Will be use the Energy fitter
... Will be reconstructed the Gauss fits curves for closures
... Will be use the Energy fitter
... Will be reconstructed the Gauss fits curves for closures
... Will be use the Energy fitter
... Will be reconstructed the Gauss fits curves for closures
... Will be use the Energy fitter
... Will be reconstructed the Gauss fits curves for closures
... Will be use the Energy fitter
... Will be reconstructed the Gauss fits curves for closures
... Will be use the Energy fitter
... Will be reconstructed the Gauss fits curves for closures
... Will be use the Energy fitter
... Will be reconstructed the Gauss fits curves for closures
... Will be use the Energy fitter
... Will be reconstructed the Gauss fits curves for closures
... Will be use the Energy fitter
... Will be reconstructed the Gauss fits curves for closures
... Will be use the Energy fitter
... Will be reconstructed the Gauss fits curves for closures
... Will be use the Energy fitter
... Will be reconstructed the Gauss fits curves for closures
... Will be use the Energy fitter
... Will be reconstructed the Gauss fits curves for closures
... Processing delta eta correction curve
... Fitting delta eta correction curve, numpoints = 38, min = 5.05636, max = 4000
... Eta fit has as chi^2/Ndof = 1.24679
...
... Will be use the Energy fitter
... Will be reconstructed the Gauss fits curves
point 1: EAvg: 22.0947 ---> R: 1.00811 +- 0.00132097
... Will be use the Energy fitter
... Will be reconstructed the Gauss fits curves
point 2: EAvg: 27.1767 ---> R: 1.01234 +- 0.00176576
... Will be use the Energy fitter
... Will be reconstructed the Gauss fits curves
point 3: EAvg: 32.233 ---> R: 1.01379 +- 0.00233164
... Will be use the Energy fitter
... Will be reconstructed the Gauss fits curves
point 4: EAvg: 37.2505 ---> R: 1.00735 +- 0.0030707
... Will be use the Energy fitter
... Will be reconstructed the Gauss fits curves
point 5: EAvg: 44.0086 ---> R: 1.0093 +- 0.00300905
... Will be use the Energy fitter
... Will be reconstructed the Gauss fits curves
point 6: EAvg: 54.2426 ---> R: 1.00333 +- 0.00378975
... Will be use the Energy fitter
... Will be reconstructed the Gauss fits curves
point 7: EAvg: 67.5984 ---> R: 1.00528 +- 0.000605411
... Will be use the Energy fitter
... Will be reconstructed the Gauss fits curves
point 8: EAvg: 88.1201 ---> R: 1.00189 +- 0.00107687
... Will be use the Energy fitter
... Will be reconstructed the Gauss fits curves
point 9: EAvg: 108.292 ---> R: 0.999876 +- 0.0016868
... Will be use the Energy fitter
... Will be reconstructed the Gauss fits curves
point 10: EAvg: 132.01 ---> R: 0.998488 +- 0.00231064
... Will be use the Energy fitter
... Will be reconstructed the Gauss fits curves
point 11: EAvg: 168.715 ---> R: 0.999616 +- 0.00168269
... Will be use the Energy fitter
... Will be reconstructed the Gauss fits curves
point 12: EAvg: 216.509 ---> R: 0.999989 +- 0.000718453
... Will be use the Energy fitter
... Will be reconstructed the Gauss fits curves
point 13: EAvg: 263.499 ---> R: 1.00093 +- 0.00106615
... Will be use the Energy fitter
... Will be reconstructed the Gauss fits curves
point 14: EAvg: 335.704 ---> R: 0.999455 +- 0.00156216
... Will be use the Energy fitter
... Will be reconstructed the Gauss fits curves
point 15: EAvg: 438.536 ---> R: 0.999651 +- 0.000322924
... Will be use the Energy fitter
... Will be reconstructed the Gauss fits curves
point 16: EAvg: 540.223 ---> R: 0.999281 +- 0.000591359
... Will be use the Energy fitter
... Will be reconstructed the Gauss fits curves
point 17: EAvg: 668.087 ---> R: 0.99837 +- 0.000882469
... Will be use the Energy fitter
... Will be reconstructed the Gauss fits curves
point 18: EAvg: 871.627 ---> R: 0.998252 +- 0.000253286
... Will be use the Energy fitter
... Will be reconstructed the Gauss fits curves
point 19: EAvg: 1073.37 ---> R: 0.999673 +- 0.000574393
... Will be use the Energy fitter
... Will be reconstructed the Gauss fits curves
point 20: EAvg: 1242.03 ---> R: 1.00207 +- 0.00155592
... Processing delta eta closure

Processing - etaBin  2, side A: 0.10 < eta < 0.20
... The <eta> value is: 0.15
... Entries: 19933607
... Processing energy calibration curve
... Will be use the Energy fitter
... Will be reconstructed the Gauss fits curves
... Will be use the Energy fitter
... Will be reconstructed the Gauss fits curves
... Will be use the Energy fitter
... Will be reconstructed the Gauss fits curves
... Will be use the Energy fitter
... Will be reconstructed the Gauss fits curves
... Will be use the Energy fitter
... Will be reconstructed the Gauss fits curves
... Will be use the Energy fitter
... Will be reconstructed the Gauss fits curves
... Will be use the Energy fitter
... Will be reconstructed the Gauss fits curves
... Will be use the Energy fitter
... Will be reconstructed the Gauss fits curves
... Will be use the Energy fitter
... Will be reconstructed the Gauss fits curves
... Will be use the Energy fitter
... Will be reconstructed the Gauss fits curves
... Will be use the Energy fitter
... Will be reconstructed the Gauss fits curves
... Will be use the Energy fitter
... Will be reconstructed the Gauss fits curves
... Will be use the Energy fitter
... Will be reconstructed the Gauss fits curves
... Will be use the Energy fitter
... Will be reconstructed the Gauss fits curves
... Will be use the Energy fitter
... Will be reconstructed the Gauss fits curves
... Will be use the Energy fitter
... Will be reconstructed the Gauss fits curves
... Will be use the Energy fitter
... Will be reconstructed the Gauss fits curves
... Will be use the Energy fitter
... Will be reconstructed the Gauss fits curves
... Will be use the Energy fitter
... Will be reconstructed the Gauss fits curves
... Will be use the Energy fitter
... Will be reconstructed the Gauss fits curves
... Will be use the Energy fitter
... Will be reconstructed the Gauss fits curves
... Will be use the Energy fitter
... Will be reconstructed the Gauss fits curves
... Will be use the Energy fitter
... Will be reconstructed the Gauss fits curves
... Will be use the Energy fitter
... Will be reconstructed the Gauss fits curves
... Will be use the Energy fitter
... Will be reconstructed the Gauss fits curves
... Will be use the Energy fitter
... Will be reconstructed the Gauss fits curves
... Will be use the Energy fitter
... Will be reconstructed the Gauss fits curves
... Will be use the Energy fitter
... Will be reconstructed the Gauss fits curves
... Will be use the Energy fitter
... Will be reconstructed the Gauss fits curves
... Will be use the Energy fitter
... Will be reconstructed the Gauss fits curves
... Will be use the Energy fitter
... Will be reconstructed the Gauss fits curves
... Will be use the Energy fitter
... Will be reconstructed the Gauss fits curves
... Will be use the Energy fitter
... Will be reconstructed the Gauss fits curves
... Will be use the Energy fitter
... Will be reconstructed the Gauss fits curves
... Will be use the Energy fitter
... Will be reconstructed the Gauss fits curves
... Will be use the Energy fitter
... Will be reconstructed the Gauss fits curves
... Will be use the Energy fitter
... Will be reconstructed the Gauss fits curves
... Will be use the Energy fitter
... Will be reconstructed the Gauss fits curves
... Will be use the Energy fitter
... Will be reconstructed the Gauss fits curves
... Fitting energy calibration curve
... There are no eta exceptions
... Fitting using the polBestChi2
... Will be use the Energy fitter
... Will be reconstructed the Gauss fits curves
... Will be use the Energy fitter
... Will be reconstructed the Gauss fits curves
... Will be use the Energy fitter
... Will be reconstructed the Gauss fits curves
... Will be use the Energy fitter
... Will be reconstructed the Gauss fits curves
... Will be use the Energy fitter
... Will be reconstructed the Gauss fits curves
... Will be use the Energy fitter
... Will be reconstructed the Gauss fits curves
... Will be use the Energy fitter
... Will be reconstructed the Gauss fits curves
... Will be use the Energy fitter
... Will be reconstructed the Gauss fits curves
... Will be use the Energy fitter
... Will be reconstructed the Gauss fits curves
... Will be use the Energy fitter
... Will be reconstructed the Gauss fits curves
... Will be use the Energy fitter
... Will be reconstructed the Gauss fits curves
... Will be use the Energy fitter
... Will be reconstructed the Gauss fits curves
... Will be use the Energy fitter
... Will be reconstructed the Gauss fits curves
... Will be use the Energy fitter
... Will be reconstructed the Gauss fits curves
... Will be use the Energy fitter
... Will be reconstructed the Gauss fits curves
... Will be use the Energy fitter
... Will be reconstructed the Gauss fits curves
... Will be use the Energy fitter
... Will be reconstructed the Gauss fits curves
... Will be use the Energy fitter
... Will be reconstructed the Gauss fits curves
... Will be use the Energy fitter
... Will be reconstructed the Gauss fits curves
... Will be use the Energy fitter
... Will be reconstructed the Gauss fits curves
... Will be use the Energy fitter
... Will be reconstructed the Gauss fits curves
... Will be use the Energy fitter
... Will be reconstructed the Gauss fits curves
... Will be use the Energy fitter
... Will be reconstructed the Gauss fits curves
... Will be use the Energy fitter
... Will be reconstructed the Gauss fits curves
... Will be use the Energy fitter
... Will be reconstructed the Gauss fits curves
... Will be use the Energy fitter
... Will be reconstructed the Gauss fits curves
... Will be use the Energy fitter
... Will be reconstructed the Gauss fits curves
... Will be use the Energy fitter
... Will be reconstructed the Gauss fits curves
... Will be use the Energy fitter
... Will be reconstructed the Gauss fits curves
... Will be use the Energy fitter
... Will be reconstructed the Gauss fits curves
... Will be use the Energy fitter
... Will be reconstructed the Gauss fits curves
... Will be use the Energy fitter
... Will be reconstructed the Gauss fits curves
... Will be use the Energy fitter
... Will be reconstructed the Gauss fits curves
... Will be use the Energy fitter
... Will be reconstructed the Gauss fits curves
... Will be use the Energy fitter
... Will be reconstructed the Gauss fits curves
... Will be use the Energy fitter
... Will be reconstructed the Gauss fits curves
... Will be use the Energy fitter
... Will be reconstructed the Gauss fits curves
... Will be use the Energy fitter
... Will be reconstructed the Gauss fits curves
... Will be use the Energy fitter
... Will be reconstructed the Gauss fits curves
... Fitting energy calibration curve
... There are no eta exceptions
... Fitting using the polBestChi2
... Processing energy closure points (JES scale)
... Will be use the Energy fitter
... Will be reconstructed the Gauss fits curves for closures
... Will be use the Energy fitter
... Will be reconstructed the Gauss fits curves for closures
... Will be use the Energy fitter
... Will be reconstructed the Gauss fits curves for closures
... Will be use the Energy fitter
... Will be reconstructed the Gauss fits curves for closures
... Will be use the Energy fitter
... Will be reconstructed the Gauss fits curves for closures
... Will be use the Energy fitter
... Will be reconstructed the Gauss fits curves for closures
... Will be use the Energy fitter
... Will be reconstructed the Gauss fits curves for closures
... Will be use the Energy fitter
... Will be reconstructed the Gauss fits curves for closures
... Will be use the Energy fitter
... Will be reconstructed the Gauss fits curves for closures
... Will be use the Energy fitter
... Will be reconstructed the Gauss fits curves for closures
... Will be use the Energy fitter
... Will be reconstructed the Gauss fits curves for closures
... Will be use the Energy fitter
... Will be reconstructed the Gauss fits curves for closures
... Will be use the Energy fitter
... Will be reconstructed the Gauss fits curves for closures
... Will be use the Energy fitter
... Will be reconstructed the Gauss fits curves for closures
... Will be use the Energy fitter
... Will be reconstructed the Gauss fits curves for closures
... Will be use the Energy fitter
... Will be reconstructed the Gauss fits curves for closures
... Will be use the Energy fitter
... Will be reconstructed the Gauss fits curves for closures
... Will be use the Energy fitter
... Will be reconstructed the Gauss fits curves for closures
... Will be use the Energy fitter
... Will be reconstructed the Gauss fits curves for closures
... Will be use the Energy fitter
... Will be reconstructed the Gauss fits curves for closures
... Will be use the Energy fitter
... Will be reconstructed the Gauss fits curves for closures
... Will be use the Energy fitter
... Will be reconstructed the Gauss fits curves for closures
... Will be use the Energy fitter
... Will be reconstructed the Gauss fits curves for closures
... Will be use the Energy fitter
... Will be reconstructed the Gauss fits curves for closures
... Will be use the Energy fitter
... Will be reconstructed the Gauss fits curves for closures
... Will be use the Energy fitter
... Will be reconstructed the Gauss fits curves for closures
... Will be use the Energy fitter
... Will be reconstructed the Gauss fits curves for closures
... Will be use the Energy fitter
... Will be reconstructed the Gauss fits curves for closures
... Will be use the Energy fitter
... Will be reconstructed the Gauss fits curves for closures
... Will be use the Energy fitter
... Will be reconstructed the Gauss fits curves for closures
... Will be use the Energy fitter
... Will be reconstructed the Gauss fits curves for closures
... Will be use the Energy fitter
... Will be reconstructed the Gauss fits curves for closures
... Will be use the Energy fitter
... Will be reconstructed the Gauss fits curves for closures
... Will be use the Energy fitter
... Will be reconstructed the Gauss fits curves for closures
... Will be use the Energy fitter
... Will be reconstructed the Gauss fits curves for closures
... Will be use the Energy fitter
... Will be reconstructed the Gauss fits curves for closures
... Will be use the Energy fitter
... Will be reconstructed the Gauss fits curves for closures
... Will be use the Energy fitter
... Will be reconstructed the Gauss fits curves for closures
... Will be use the Energy fitter
... Will be reconstructed the Gauss fits curves for closures
... Processing delta eta correction curve
... Fitting delta eta correction curve, numpoints = 38, min = 5.05636, max = 4000
... Eta fit has as chi^2/Ndof = 2.17736
...
... Will be use the Energy fitter
... Will be reconstructed the Gauss fits curves
point 1: EAvg: 22.0916 ---> R: 1.00801 +- 0.00132083
... Will be use the Energy fitter
... Will be reconstructed the Gauss fits curves
point 2: EAvg: 27.1482 ---> R: 1.01362 +- 0.00179398
... Will be use the Energy fitter
... Will be reconstructed the Gauss fits curves
point 3: EAvg: 32.1912 ---> R: 1.01158 +- 0.00236381
... Will be use the Energy fitter
... Will be reconstructed the Gauss fits curves
point 4: EAvg: 37.261 ---> R: 1.01639 +- 0.00289053
... Will be use the Energy fitter
... Will be reconstructed the Gauss fits curves
point 5: EAvg: 44.0986 ---> R: 1.01479 +- 0.00300157
... Will be use the Energy fitter
... Will be reconstructed the Gauss fits curves
point 6: EAvg: 54.2963 ---> R: 1.00843 +- 0.00412928
... Will be use the Energy fitter
... Will be reconstructed the Gauss fits curves
point 7: EAvg: 67.6107 ---> R: 1.00423 +- 0.00059782
... Will be use the Energy fitter
... Will be reconstructed the Gauss fits curves
point 8: EAvg: 88.1456 ---> R: 1.00159 +- 0.0010678
... Will be use the Energy fitter
... Will be reconstructed the Gauss fits curves
point 9: EAvg: 108.435 ---> R: 0.996142 +- 0.00163294
... Will be use the Energy fitter
... Will be reconstructed the Gauss fits curves
point 10: EAvg: 131.76 ---> R: 1.00216 +- 0.00221242
... Will be use the Energy fitter
... Will be reconstructed the Gauss fits curves
point 11: EAvg: 168.633 ---> R: 0.99967 +- 0.00174878
... Will be use the Energy fitter
... Will be reconstructed the Gauss fits curves
point 12: EAvg: 216.591 ---> R: 1.00037 +- 0.000726722
... Will be use the Energy fitter
... Will be reconstructed the Gauss fits curves
point 13: EAvg: 263.605 ---> R: 1.00005 +- 0.00102736
... Will be use the Energy fitter
... Will be reconstructed the Gauss fits curves
point 14: EAvg: 335.865 ---> R: 0.998886 +- 0.00160983
... Will be use the Energy fitter
... Will be reconstructed the Gauss fits curves
point 15: EAvg: 438.195 ---> R: 1.00002 +- 0.000315317
... Will be use the Energy fitter
... Will be reconstructed the Gauss fits curves
point 16: EAvg: 540.031 ---> R: 1.00015 +- 0.000568623
... Will be use the Energy fitter
... Will be reconstructed the Gauss fits curves
point 17: EAvg: 669.134 ---> R: 0.998642 +- 0.000809865
... Will be use the Energy fitter
... Will be reconstructed the Gauss fits curves
point 18: EAvg: 872.805 ---> R: 0.998013 +- 0.000235431
... Will be use the Energy fitter
... Will be reconstructed the Gauss fits curves
point 19: EAvg: 1074.66 ---> R: 0.999956 +- 0.000523313
... Will be use the Energy fitter
... Will be reconstructed the Gauss fits curves
point 20: EAvg: 1242.8 ---> R: 1.00186 +- 0.00133748
... Processing delta eta closure

Processing - etaBin  3, side C: -0.30 < eta < -0.20
... The <eta> value is: -0.25
... Entries: 19933607
... Processing energy calibration curve
... Will be use the Energy fitter
... Will be reconstructed the Gauss fits curves
... Will be use the Energy fitter
... Will be reconstructed the Gauss fits curves
... Will be use the Energy fitter
... Will be reconstructed the Gauss fits curves
... Will be use the Energy fitter
... Will be reconstructed the Gauss fits curves
... Will be use the Energy fitter
... Will be reconstructed the Gauss fits curves
... Will be use the Energy fitter
... Will be reconstructed the Gauss fits curves
... Will be use the Energy fitter
... Will be reconstructed the Gauss fits curves
... Will be use the Energy fitter
... Will be reconstructed the Gauss fits curves
... Will be use the Energy fitter
... Will be reconstructed the Gauss fits curves
... Will be use the Energy fitter
... Will be reconstructed the Gauss fits curves
... Will be use the Energy fitter
... Will be reconstructed the Gauss fits curves
... Will be use the Energy fitter
... Will be reconstructed the Gauss fits curves
... Will be use the Energy fitter
... Will be reconstructed the Gauss fits curves
... Will be use the Energy fitter
... Will be reconstructed the Gauss fits curves
... Will be use the Energy fitter
... Will be reconstructed the Gauss fits curves
... Will be use the Energy fitter
... Will be reconstructed the Gauss fits curves
... Will be use the Energy fitter
... Will be reconstructed the Gauss fits curves
... Will be use the Energy fitter
... Will be reconstructed the Gauss fits curves
... Will be use the Energy fitter
... Will be reconstructed the Gauss fits curves
... Will be use the Energy fitter
... Will be reconstructed the Gauss fits curves
... Will be use the Energy fitter
... Will be reconstructed the Gauss fits curves
... Will be use the Energy fitter
... Will be reconstructed the Gauss fits curves
... Will be use the Energy fitter
... Will be reconstructed the Gauss fits curves
... Will be use the Energy fitter
... Will be reconstructed the Gauss fits curves
... Will be use the Energy fitter
... Will be reconstructed the Gauss fits curves
... Will be use the Energy fitter
... Will be reconstructed the Gauss fits curves
... Will be use the Energy fitter
... Will be reconstructed the Gauss fits curves
... Will be use the Energy fitter
... Will be reconstructed the Gauss fits curves
... Will be use the Energy fitter
... Will be reconstructed the Gauss fits curves
... Will be use the Energy fitter
... Will be reconstructed the Gauss fits curves
... Will be use the Energy fitter
... Will be reconstructed the Gauss fits curves
... Will be use the Energy fitter
... Will be reconstructed the Gauss fits curves
... Will be use the Energy fitter
... Will be reconstructed the Gauss fits curves
... Will be use the Energy fitter
... Will be reconstructed the Gauss fits curves
... Will be use the Energy fitter
... Will be reconstructed the Gauss fits curves
... Will be use the Energy fitter
... Will be reconstructed the Gauss fits curves
... Will be use the Energy fitter
... Will be reconstructed the Gauss fits curves
... Will be use the Energy fitter
... Will be reconstructed the Gauss fits curves
... Fitting energy calibration curve
... There are no eta exceptions
... Fitting using the polBestChi2
... Will be use the Energy fitter
... Will be reconstructed the Gauss fits curves
... Will be use the Energy fitter
... Will be reconstructed the Gauss fits curves
... Will be use the Energy fitter
... Will be reconstructed the Gauss fits curves
... Will be use the Energy fitter
... Will be reconstructed the Gauss fits curves
... Will be use the Energy fitter
... Will be reconstructed the Gauss fits curves
... Will be use the Energy fitter
... Will be reconstructed the Gauss fits curves
... Will be use the Energy fitter
... Will be reconstructed the Gauss fits curves
... Will be use the Energy fitter
... Will be reconstructed the Gauss fits curves
... Will be use the Energy fitter
... Will be reconstructed the Gauss fits curves
... Will be use the Energy fitter
... Will be reconstructed the Gauss fits curves
... Will be use the Energy fitter
... Will be reconstructed the Gauss fits curves
... Will be use the Energy fitter
... Will be reconstructed the Gauss fits curves
... Will be use the Energy fitter
... Will be reconstructed the Gauss fits curves
... Will be use the Energy fitter
... Will be reconstructed the Gauss fits curves
... Will be use the Energy fitter
... Will be reconstructed the Gauss fits curves
... Will be use the Energy fitter
... Will be reconstructed the Gauss fits curves
... Will be use the Energy fitter
... Will be reconstructed the Gauss fits curves
... Will be use the Energy fitter
... Will be reconstructed the Gauss fits curves
... Will be use the Energy fitter
... Will be reconstructed the Gauss fits curves
... Will be use the Energy fitter
... Will be reconstructed the Gauss fits curves
... Will be use the Energy fitter
... Will be reconstructed the Gauss fits curves
... Will be use the Energy fitter
... Will be reconstructed the Gauss fits curves
... Will be use the Energy fitter
... Will be reconstructed the Gauss fits curves
... Will be use the Energy fitter
... Will be reconstructed the Gauss fits curves
... Will be use the Energy fitter
... Will be reconstructed the Gauss fits curves
... Will be use the Energy fitter
... Will be reconstructed the Gauss fits curves
... Will be use the Energy fitter
... Will be reconstructed the Gauss fits curves
... Will be use the Energy fitter
... Will be reconstructed the Gauss fits curves
... Will be use the Energy fitter
... Will be reconstructed the Gauss fits curves
... Will be use the Energy fitter
... Will be reconstructed the Gauss fits curves
... Will be use the Energy fitter
... Will be reconstructed the Gauss fits curves
... Will be use the Energy fitter
... Will be reconstructed the Gauss fits curves
... Will be use the Energy fitter
... Will be reconstructed the Gauss fits curves
... Will be use the Energy fitter
... Will be reconstructed the Gauss fits curves
... Will be use the Energy fitter
... Will be reconstructed the Gauss fits curves
... Will be use the Energy fitter
... Will be reconstructed the Gauss fits curves
... Will be use the Energy fitter
... Will be reconstructed the Gauss fits curves
... Will be use the Energy fitter
... Will be reconstructed the Gauss fits curves
... Fitting energy calibration curve
... There are no eta exceptions
... Fitting using the polBestChi2
... Processing energy closure points (JES scale)
... Will be use the Energy fitter
... Will be reconstructed the Gauss fits curves for closures
... Will be use the Energy fitter
... Will be reconstructed the Gauss fits curves for closures
... Will be use the Energy fitter
... Will be reconstructed the Gauss fits curves for closures
... Will be use the Energy fitter
... Will be reconstructed the Gauss fits curves for closures
... Will be use the Energy fitter
... Will be reconstructed the Gauss fits curves for closures
... Will be use the Energy fitter
... Will be reconstructed the Gauss fits curves for closures
... Will be use the Energy fitter
... Will be reconstructed the Gauss fits curves for closures
... Will be use the Energy fitter
... Will be reconstructed the Gauss fits curves for closures
... Will be use the Energy fitter
... Will be reconstructed the Gauss fits curves for closures
... Will be use the Energy fitter
... Will be reconstructed the Gauss fits curves for closures
... Will be use the Energy fitter
... Will be reconstructed the Gauss fits curves for closures
... Will be use the Energy fitter
... Will be reconstructed the Gauss fits curves for closures
... Will be use the Energy fitter
... Will be reconstructed the Gauss fits curves for closures
... Will be use the Energy fitter
... Will be reconstructed the Gauss fits curves for closures
... Will be use the Energy fitter
... Will be reconstructed the Gauss fits curves for closures
... Will be use the Energy fitter
... Will be reconstructed the Gauss fits curves for closures
... Will be use the Energy fitter
... Will be reconstructed the Gauss fits curves for closures
... Will be use the Energy fitter
... Will be reconstructed the Gauss fits curves for closures
... Will be use the Energy fitter
... Will be reconstructed the Gauss fits curves for closures
... Will be use the Energy fitter
... Will be reconstructed the Gauss fits curves for closures
... Will be use the Energy fitter
... Will be reconstructed the Gauss fits curves for closures
... Will be use the Energy fitter
... Will be reconstructed the Gauss fits curves for closures
... Will be use the Energy fitter
... Will be reconstructed the Gauss fits curves for closures
... Will be use the Energy fitter
... Will be reconstructed the Gauss fits curves for closures
... Will be use the Energy fitter
... Will be reconstructed the Gauss fits curves for closures
... Will be use the Energy fitter
... Will be reconstructed the Gauss fits curves for closures
... Will be use the Energy fitter
... Will be reconstructed the Gauss fits curves for closures
... Will be use the Energy fitter
... Will be reconstructed the Gauss fits curves for closures
... Will be use the Energy fitter
... Will be reconstructed the Gauss fits curves for closures
... Will be use the Energy fitter
... Will be reconstructed the Gauss fits curves for closures
... Will be use the Energy fitter
... Will be reconstructed the Gauss fits curves for closures
... Will be use the Energy fitter
... Will be reconstructed the Gauss fits curves for closures
... Will be use the Energy fitter
... Will be reconstructed the Gauss fits curves for closures
... Will be use the Energy fitter
... Will be reconstructed the Gauss fits curves for closures
... Will be use the Energy fitter
... Will be reconstructed the Gauss fits curves for closures
... Will be use the Energy fitter
... Will be reconstructed the Gauss fits curves for closures
... Will be use the Energy fitter
... Will be reconstructed the Gauss fits curves for closures
... Will be use the Energy fitter
... Will be reconstructed the Gauss fits curves for closures
... Processing delta eta correction curve
... Fitting delta eta correction curve, numpoints = 38, min = 5.15707, max = 4000
... Eta fit has as chi^2/Ndof = 0.835803
...
... Will be use the Energy fitter
... Will be reconstructed the Gauss fits curves
point 1: EAvg: 22.0968 ---> R: 1.01927 +- 0.00123268
... Will be use the Energy fitter
... Will be reconstructed the Gauss fits curves
point 2: EAvg: 27.142 ---> R: 1.00932 +- 0.00171394
... Will be use the Energy fitter
... Will be reconstructed the Gauss fits curves
point 3: EAvg: 32.2066 ---> R: 1.01103 +- 0.00218306
... Will be use the Energy fitter
... Will be reconstructed the Gauss fits curves
point 4: EAvg: 37.2385 ---> R: 1.00689 +- 0.00304226
... Will be use the Energy fitter
... Will be reconstructed the Gauss fits curves
point 5: EAvg: 44.0794 ---> R: 1.00373 +- 0.00284489
... Will be use the Energy fitter
... Will be reconstructed the Gauss fits curves
point 6: EAvg: 54.2778 ---> R: 1.0069 +- 0.00410688
... Will be use the Energy fitter
... Will be reconstructed the Gauss fits curves
point 7: EAvg: 67.5832 ---> R: 1.00186 +- 0.000604032
... Will be use the Energy fitter
... Will be reconstructed the Gauss fits curves
point 8: EAvg: 88.1337 ---> R: 1.00374 +- 0.00110358
... Will be use the Energy fitter
... Will be reconstructed the Gauss fits curves
point 9: EAvg: 108.47 ---> R: 1.00283 +- 0.00173072
... Will be use the Energy fitter
... Will be reconstructed the Gauss fits curves
point 10: EAvg: 131.865 ---> R: 1.00195 +- 0.00209384
... Will be use the Energy fitter
... Will be reconstructed the Gauss fits curves
point 11: EAvg: 168.1 ---> R: 1.00137 +- 0.00182469
... Will be use the Energy fitter
... Will be reconstructed the Gauss fits curves
point 12: EAvg: 216.597 ---> R: 1.00031 +- 0.00073115
... Will be use the Energy fitter
... Will be reconstructed the Gauss fits curves
point 13: EAvg: 263.813 ---> R: 0.999424 +- 0.00105193
... Will be use the Energy fitter
... Will be reconstructed the Gauss fits curves
point 14: EAvg: 335.468 ---> R: 0.997208 +- 0.00154765
... Will be use the Energy fitter
... Will be reconstructed the Gauss fits curves
point 15: EAvg: 438.277 ---> R: 0.99838 +- 0.000316446
... Will be use the Energy fitter
... Will be reconstructed the Gauss fits curves
point 16: EAvg: 539.607 ---> R: 0.998834 +- 0.000602454
... Will be use the Energy fitter
... Will be reconstructed the Gauss fits curves
point 17: EAvg: 667.966 ---> R: 1.00032 +- 0.0008739
... Will be use the Energy fitter
... Will be reconstructed the Gauss fits curves
point 18: EAvg: 871.055 ---> R: 0.999121 +- 0.000251576
... Will be use the Energy fitter
... Will be reconstructed the Gauss fits curves
point 19: EAvg: 1073.13 ---> R: 0.998164 +- 0.000575234
... Will be use the Energy fitter
... Will be reconstructed the Gauss fits curves
point 20: EAvg: 1241.47 ---> R: 0.994014 +- 0.00155455
... Processing delta eta closure

Processing - etaBin  3, side A: 0.20 < eta < 0.30
... The <eta> value is: 0.25
... Entries: 19933607
... Processing energy calibration curve
... Will be use the Energy fitter
... Will be reconstructed the Gauss fits curves
... Will be use the Energy fitter
... Will be reconstructed the Gauss fits curves
... Will be use the Energy fitter
... Will be reconstructed the Gauss fits curves
... Will be use the Energy fitter
... Will be reconstructed the Gauss fits curves
... Will be use the Energy fitter
... Will be reconstructed the Gauss fits curves
... Will be use the Energy fitter
... Will be reconstructed the Gauss fits curves
... Will be use the Energy fitter
... Will be reconstructed the Gauss fits curves
... Will be use the Energy fitter
... Will be reconstructed the Gauss fits curves
... Will be use the Energy fitter
... Will be reconstructed the Gauss fits curves
... Will be use the Energy fitter
... Will be reconstructed the Gauss fits curves
... Will be use the Energy fitter
... Will be reconstructed the Gauss fits curves
... Will be use the Energy fitter
... Will be reconstructed the Gauss fits curves
... Will be use the Energy fitter
... Will be reconstructed the Gauss fits curves
... Will be use the Energy fitter
... Will be reconstructed the Gauss fits curves
... Will be use the Energy fitter
... Will be reconstructed the Gauss fits curves
... Will be use the Energy fitter
... Will be reconstructed the Gauss fits curves
... Will be use the Energy fitter
... Will be reconstructed the Gauss fits curves
... Will be use the Energy fitter
... Will be reconstructed the Gauss fits curves
... Will be use the Energy fitter
... Will be reconstructed the Gauss fits curves
... Will be use the Energy fitter
... Will be reconstructed the Gauss fits curves
... Will be use the Energy fitter
... Will be reconstructed the Gauss fits curves
... Will be use the Energy fitter
... Will be reconstructed the Gauss fits curves
... Will be use the Energy fitter
... Will be reconstructed the Gauss fits curves
... Will be use the Energy fitter
... Will be reconstructed the Gauss fits curves
... Will be use the Energy fitter
... Will be reconstructed the Gauss fits curves
... Will be use the Energy fitter
... Will be reconstructed the Gauss fits curves
... Will be use the Energy fitter
... Will be reconstructed the Gauss fits curves
... Will be use the Energy fitter
... Will be reconstructed the Gauss fits curves
... Will be use the Energy fitter
... Will be reconstructed the Gauss fits curves
... Will be use the Energy fitter
... Will be reconstructed the Gauss fits curves
... Will be use the Energy fitter
... Will be reconstructed the Gauss fits curves
... Will be use the Energy fitter
... Will be reconstructed the Gauss fits curves
... Will be use the Energy fitter
... Will be reconstructed the Gauss fits curves
... Will be use the Energy fitter
... Will be reconstructed the Gauss fits curves
... Will be use the Energy fitter
... Will be reconstructed the Gauss fits curves
... Will be use the Energy fitter
... Will be reconstructed the Gauss fits curves
... Will be use the Energy fitter
... Will be reconstructed the Gauss fits curves
... Will be use the Energy fitter
... Will be reconstructed the Gauss fits curves
... Fitting energy calibration curve
... There are no eta exceptions
... Fitting using the polBestChi2
... Will be use the Energy fitter
... Will be reconstructed the Gauss fits curves
... Will be use the Energy fitter
... Will be reconstructed the Gauss fits curves
... Will be use the Energy fitter
... Will be reconstructed the Gauss fits curves
... Will be use the Energy fitter
... Will be reconstructed the Gauss fits curves
... Will be use the Energy fitter
... Will be reconstructed the Gauss fits curves
... Will be use the Energy fitter
... Will be reconstructed the Gauss fits curves
... Will be use the Energy fitter
... Will be reconstructed the Gauss fits curves
... Will be use the Energy fitter
... Will be reconstructed the Gauss fits curves
... Will be use the Energy fitter
... Will be reconstructed the Gauss fits curves
... Will be use the Energy fitter
... Will be reconstructed the Gauss fits curves
... Will be use the Energy fitter
... Will be reconstructed the Gauss fits curves
... Will be use the Energy fitter
... Will be reconstructed the Gauss fits curves
... Will be use the Energy fitter
... Will be reconstructed the Gauss fits curves
... Will be use the Energy fitter
... Will be reconstructed the Gauss fits curves
... Will be use the Energy fitter
... Will be reconstructed the Gauss fits curves
... Will be use the Energy fitter
... Will be reconstructed the Gauss fits curves
... Will be use the Energy fitter
... Will be reconstructed the Gauss fits curves
... Will be use the Energy fitter
... Will be reconstructed the Gauss fits curves
... Will be use the Energy fitter
... Will be reconstructed the Gauss fits curves
... Will be use the Energy fitter
... Will be reconstructed the Gauss fits curves
... Will be use the Energy fitter
... Will be reconstructed the Gauss fits curves
... Will be use the Energy fitter
... Will be reconstructed the Gauss fits curves
... Will be use the Energy fitter
... Will be reconstructed the Gauss fits curves
... Will be use the Energy fitter
... Will be reconstructed the Gauss fits curves
... Will be use the Energy fitter
... Will be reconstructed the Gauss fits curves
... Will be use the Energy fitter
... Will be reconstructed the Gauss fits curves
... Will be use the Energy fitter
... Will be reconstructed the Gauss fits curves
... Will be use the Energy fitter
... Will be reconstructed the Gauss fits curves
... Will be use the Energy fitter
... Will be reconstructed the Gauss fits curves
... Will be use the Energy fitter
... Will be reconstructed the Gauss fits curves
... Will be use the Energy fitter
... Will be reconstructed the Gauss fits curves
... Will be use the Energy fitter
... Will be reconstructed the Gauss fits curves
... Will be use the Energy fitter
... Will be reconstructed the Gauss fits curves
... Will be use the Energy fitter
... Will be reconstructed the Gauss fits curves
... Will be use the Energy fitter
... Will be reconstructed the Gauss fits curves
... Will be use the Energy fitter
... Will be reconstructed the Gauss fits curves
... Will be use the Energy fitter
... Will be reconstructed the Gauss fits curves
... Will be use the Energy fitter
... Will be reconstructed the Gauss fits curves
... Fitting energy calibration curve
... There are no eta exceptions
... Fitting using the polBestChi2
... Processing energy closure points (JES scale)
... Will be use the Energy fitter
... Will be reconstructed the Gauss fits curves for closures
... Will be use the Energy fitter
... Will be reconstructed the Gauss fits curves for closures
... Will be use the Energy fitter
... Will be reconstructed the Gauss fits curves for closures
... Will be use the Energy fitter
... Will be reconstructed the Gauss fits curves for closures
... Will be use the Energy fitter
... Will be reconstructed the Gauss fits curves for closures
... Will be use the Energy fitter
... Will be reconstructed the Gauss fits curves for closures
... Will be use the Energy fitter
... Will be reconstructed the Gauss fits curves for closures
... Will be use the Energy fitter
... Will be reconstructed the Gauss fits curves for closures
... Will be use the Energy fitter
... Will be reconstructed the Gauss fits curves for closures
... Will be use the Energy fitter
... Will be reconstructed the Gauss fits curves for closures
... Will be use the Energy fitter
... Will be reconstructed the Gauss fits curves for closures
... Will be use the Energy fitter
... Will be reconstructed the Gauss fits curves for closures
... Will be use the Energy fitter
... Will be reconstructed the Gauss fits curves for closures
... Will be use the Energy fitter
... Will be reconstructed the Gauss fits curves for closures
... Will be use the Energy fitter
... Will be reconstructed the Gauss fits curves for closures
... Will be use the Energy fitter
... Will be reconstructed the Gauss fits curves for closures
... Will be use the Energy fitter
... Will be reconstructed the Gauss fits curves for closures
... Will be use the Energy fitter
... Will be reconstructed the Gauss fits curves for closures
... Will be use the Energy fitter
... Will be reconstructed the Gauss fits curves for closures
... Will be use the Energy fitter
... Will be reconstructed the Gauss fits curves for closures
... Will be use the Energy fitter
... Will be reconstructed the Gauss fits curves for closures
... Will be use the Energy fitter
... Will be reconstructed the Gauss fits curves for closures
... Will be use the Energy fitter
... Will be reconstructed the Gauss fits curves for closures
... Will be use the Energy fitter
... Will be reconstructed the Gauss fits curves for closures
... Will be use the Energy fitter
... Will be reconstructed the Gauss fits curves for closures
... Will be use the Energy fitter
... Will be reconstructed the Gauss fits curves for closures
... Will be use the Energy fitter
... Will be reconstructed the Gauss fits curves for closures
... Will be use the Energy fitter
... Will be reconstructed the Gauss fits curves for closures
... Will be use the Energy fitter
... Will be reconstructed the Gauss fits curves for closures
... Will be use the Energy fitter
... Will be reconstructed the Gauss fits curves for closures
... Will be use the Energy fitter
... Will be reconstructed the Gauss fits curves for closures
... Will be use the Energy fitter
... Will be reconstructed the Gauss fits curves for closures
... Will be use the Energy fitter
... Will be reconstructed the Gauss fits curves for closures
... Will be use the Energy fitter
... Will be reconstructed the Gauss fits curves for closures
... Will be use the Energy fitter
... Will be reconstructed the Gauss fits curves for closures
... Will be use the Energy fitter
... Will be reconstructed the Gauss fits curves for closures
... Will be use the Energy fitter
... Will be reconstructed the Gauss fits curves for closures
... Will be use the Energy fitter
... Will be reconstructed the Gauss fits curves for closures
... Processing delta eta correction curve
... Fitting delta eta correction curve, numpoints = 38, min = 5.15707, max = 4000
  FUNCTION VALUE DOES NOT SEEM TO DEPEND ON ANY OF THE 1 VARIABLE PARAMETERS.
          VERIFY THAT STEP SIZES ARE BIG ENOUGH AND CHECK FCN LOGIC.
 *******************************************************************************
 *******************************************************************************
... Eta fit has as chi^2/Ndof = 1.06732
...
... Will be use the Energy fitter
... Will be reconstructed the Gauss fits curves
point 1: EAvg: 22.1049 ---> R: 1.01791 +- 0.00120421
... Will be use the Energy fitter
... Will be reconstructed the Gauss fits curves
point 2: EAvg: 27.1561 ---> R: 1.01032 +- 0.00173252
... Will be use the Energy fitter
... Will be reconstructed the Gauss fits curves
point 3: EAvg: 32.219 ---> R: 1.00479 +- 0.00220856
... Will be use the Energy fitter
... Will be reconstructed the Gauss fits curves
point 4: EAvg: 37.2609 ---> R: 1.00093 +- 0.00302309
... Will be use the Energy fitter
... Will be reconstructed the Gauss fits curves
point 5: EAvg: 44.0846 ---> R: 1.00811 +- 0.00288207
... Will be use the Energy fitter
... Will be reconstructed the Gauss fits curves
point 6: EAvg: 54.3218 ---> R: 1.00729 +- 0.00458919
... Will be use the Energy fitter
... Will be reconstructed the Gauss fits curves
point 7: EAvg: 67.6079 ---> R: 1.00352 +- 0.00059574
... Will be use the Energy fitter
... Will be reconstructed the Gauss fits curves
point 8: EAvg: 88.0784 ---> R: 1.00368 +- 0.00108091
... Will be use the Energy fitter
... Will be reconstructed the Gauss fits curves
point 9: EAvg: 108.48 ---> R: 1.00155 +- 0.00172689
... Will be use the Energy fitter
... Will be reconstructed the Gauss fits curves
point 10: EAvg: 131.769 ---> R: 1.00232 +- 0.00220029
... Will be use the Energy fitter
... Will be reconstructed the Gauss fits curves
point 11: EAvg: 168.291 ---> R: 0.999687 +- 0.00180666
... Will be use the Energy fitter
... Will be reconstructed the Gauss fits curves
point 12: EAvg: 216.506 ---> R: 0.997639 +- 0.000722018
... Will be use the Energy fitter
... Will be reconstructed the Gauss fits curves
point 13: EAvg: 263.44 ---> R: 0.999229 +- 0.00095948
... Will be use the Energy fitter
... Will be reconstructed the Gauss fits curves
point 14: EAvg: 335.603 ---> R: 0.998193 +- 0.00151863
... Will be use the Energy fitter
... Will be reconstructed the Gauss fits curves
point 15: EAvg: 438.572 ---> R: 0.999581 +- 0.000296415
... Will be use the Energy fitter
... Will be reconstructed the Gauss fits curves
point 16: EAvg: 540.216 ---> R: 0.997923 +- 0.000564394
... Will be use the Energy fitter
... Will be reconstructed the Gauss fits curves
point 17: EAvg: 667.492 ---> R: 1.00001 +- 0.000849616
... Will be use the Energy fitter
... Will be reconstructed the Gauss fits curves
point 18: EAvg: 872.633 ---> R: 0.99936 +- 0.000217689
... Will be use the Energy fitter
... Will be reconstructed the Gauss fits curves
point 19: EAvg: 1074.55 ---> R: 0.998765 +- 0.00048901
... Will be use the Energy fitter
... Will be reconstructed the Gauss fits curves
point 20: EAvg: 1243.08 ---> R: 0.99785 +- 0.00121318
... Processing delta eta closure

Processing - etaBin  4, side C: -0.40 < eta < -0.30
... The <eta> value is: -0.35
... Entries: 19933607
... Processing energy calibration curve
... Will be use the Energy fitter
... Will be reconstructed the Gauss fits curves
... Will be use the Energy fitter
... Will be reconstructed the Gauss fits curves
... Will be use the Energy fitter
... Will be reconstructed the Gauss fits curves
... Will be use the Energy fitter
... Will be reconstructed the Gauss fits curves
... Will be use the Energy fitter
... Will be reconstructed the Gauss fits curves
... Will be use the Energy fitter
... Will be reconstructed the Gauss fits curves
... Will be use the Energy fitter
... Will be reconstructed the Gauss fits curves
... Will be use the Energy fitter
... Will be reconstructed the Gauss fits curves
... Will be use the Energy fitter
... Will be reconstructed the Gauss fits curves
... Will be use the Energy fitter
... Will be reconstructed the Gauss fits curves
... Will be use the Energy fitter
... Will be reconstructed the Gauss fits curves
... Will be use the Energy fitter
... Will be reconstructed the Gauss fits curves
... Will be use the Energy fitter
... Will be reconstructed the Gauss fits curves
... Will be use the Energy fitter
... Will be reconstructed the Gauss fits curves
... Will be use the Energy fitter
... Will be reconstructed the Gauss fits curves
... Will be use the Energy fitter
... Will be reconstructed the Gauss fits curves
... Will be use the Energy fitter
... Will be reconstructed the Gauss fits curves
... Will be use the Energy fitter
... Will be reconstructed the Gauss fits curves
... Will be use the Energy fitter
... Will be reconstructed the Gauss fits curves
... Will be use the Energy fitter
... Will be reconstructed the Gauss fits curves
... Will be use the Energy fitter
... Will be reconstructed the Gauss fits curves
... Will be use the Energy fitter
... Will be reconstructed the Gauss fits curves
... Will be use the Energy fitter
... Will be reconstructed the Gauss fits curves
... Will be use the Energy fitter
... Will be reconstructed the Gauss fits curves
... Will be use the Energy fitter
... Will be reconstructed the Gauss fits curves
... Will be use the Energy fitter
... Will be reconstructed the Gauss fits curves
... Will be use the Energy fitter
... Will be reconstructed the Gauss fits curves
... Will be use the Energy fitter
... Will be reconstructed the Gauss fits curves
... Will be use the Energy fitter
... Will be reconstructed the Gauss fits curves
... Will be use the Energy fitter
... Will be reconstructed the Gauss fits curves
... Will be use the Energy fitter
... Will be reconstructed the Gauss fits curves
... Will be use the Energy fitter
... Will be reconstructed the Gauss fits curves
... Will be use the Energy fitter
... Will be reconstructed the Gauss fits curves
... Will be use the Energy fitter
... Will be reconstructed the Gauss fits curves
... Will be use the Energy fitter
... Will be reconstructed the Gauss fits curves
... Will be use the Energy fitter
... Will be reconstructed the Gauss fits curves
... Will be use the Energy fitter
... Will be reconstructed the Gauss fits curves
... Will be use the Energy fitter
... Will be reconstructed the Gauss fits curves
... Will be use the Energy fitter
... Will be reconstructed the Gauss fits curves
... Fitting energy calibration curve
... There are no eta exceptions
... Fitting using the polBestChi2
... Will be use the Energy fitter
... Will be reconstructed the Gauss fits curves
... Will be use the Energy fitter
... Will be reconstructed the Gauss fits curves
... Will be use the Energy fitter
... Will be reconstructed the Gauss fits curves
... Will be use the Energy fitter
... Will be reconstructed the Gauss fits curves
... Will be use the Energy fitter
... Will be reconstructed the Gauss fits curves
... Will be use the Energy fitter
... Will be reconstructed the Gauss fits curves
... Will be use the Energy fitter
... Will be reconstructed the Gauss fits curves
... Will be use the Energy fitter
... Will be reconstructed the Gauss fits curves
... Will be use the Energy fitter
... Will be reconstructed the Gauss fits curves
... Will be use the Energy fitter
... Will be reconstructed the Gauss fits curves
... Will be use the Energy fitter
... Will be reconstructed the Gauss fits curves
... Will be use the Energy fitter
... Will be reconstructed the Gauss fits curves
... Will be use the Energy fitter
... Will be reconstructed the Gauss fits curves
... Will be use the Energy fitter
... Will be reconstructed the Gauss fits curves
... Will be use the Energy fitter
... Will be reconstructed the Gauss fits curves
... Will be use the Energy fitter
... Will be reconstructed the Gauss fits curves
... Will be use the Energy fitter
... Will be reconstructed the Gauss fits curves
... Will be use the Energy fitter
... Will be reconstructed the Gauss fits curves
... Will be use the Energy fitter
... Will be reconstructed the Gauss fits curves
... Will be use the Energy fitter
... Will be reconstructed the Gauss fits curves
... Will be use the Energy fitter
... Will be reconstructed the Gauss fits curves
... Will be use the Energy fitter
... Will be reconstructed the Gauss fits curves
... Will be use the Energy fitter
... Will be reconstructed the Gauss fits curves
... Will be use the Energy fitter
... Will be reconstructed the Gauss fits curves
... Will be use the Energy fitter
... Will be reconstructed the Gauss fits curves
... Will be use the Energy fitter
... Will be reconstructed the Gauss fits curves
... Will be use the Energy fitter
... Will be reconstructed the Gauss fits curves
... Will be use the Energy fitter
... Will be reconstructed the Gauss fits curves
... Will be use the Energy fitter
... Will be reconstructed the Gauss fits curves
... Will be use the Energy fitter
... Will be reconstructed the Gauss fits curves
... Will be use the Energy fitter
... Will be reconstructed the Gauss fits curves
... Will be use the Energy fitter
... Will be reconstructed the Gauss fits curves
... Will be use the Energy fitter
... Will be reconstructed the Gauss fits curves
... Will be use the Energy fitter
... Will be reconstructed the Gauss fits curves
... Will be use the Energy fitter
... Will be reconstructed the Gauss fits curves
... Will be use the Energy fitter
... Will be reconstructed the Gauss fits curves
... Will be use the Energy fitter
... Will be reconstructed the Gauss fits curves
... Will be use the Energy fitter
... Will be reconstructed the Gauss fits curves
... Will be use the Energy fitter
... Will be reconstructed the Gauss fits curves
... Fitting energy calibration curve
... There are no eta exceptions
... Fitting using the polBestChi2
